<?xml version="1.0" encoding="UTF-8"?>
<testsuite xmlns:xsi="http://www.w3.org/2001/XMLSchema-instance" xsi:noNamespaceSchemaLocation="https://maven.apache.org/surefire/maven-surefire-plugin/xsd/surefire-test-report-3.0.xsd" version="3.0" name="kodrat.keycloak.util.LogSanitizerTest" time="0.038" tests="16" errors="0" skipped="0" failures="0">
  <properties>
[...]
</properties>
  <testcase name="sanitizeHeader_withAuthorizationHeader_redactsValue" classname="kodrat.keycloak.util.LogSanitizerTest" time="0.01"/>
  <testcase name="redact_withContent_returnsRedactedMarker" classname="kodrat.keycloak.util.LogSanitizerTest" time="0.001"/>
  <testcase name="sanitizeJson_withApiKey_redactsKey" classname="kodrat.keycloak.util.LogSanitizerTest" time="0.0"/>
  <testcase name="maskIdentifier_withLongId_showsPrefixAndSuffix" classname="kodrat.keycloak.util.LogSanitizerTest" time="0.003"/>
  <testcase name="maskInvitationUrl_withInvalidUrl_returnsInvalidMarker" classname="kodrat.keycloak.util.LogSanitizerTest" time="0.0"/>
  <testcase name="sanitize_withBearerInMessage_redactsToken" classname="kodrat.keycloak.util.LogSanitizerTest" time="0.001"/>
  <testcase name="redactToken_withEmptyString_returnsEmptyMarker" classname="kodrat.keycloak.util.LogSanitizerTest" time="0.0"/>
  <testcase name="sanitizeJson_withBearerToken_redactsToken" classname="kodrat.keycloak.util.LogSanitizerTest" time="0.0"/>
  <testcase name="maskInvitationUrl_withValidUrl_masksPath" classname="kodrat.keycloak.util.LogSanitizerTest" time="0.002"/>
  <testcase name="redactToken_withLongToken_returnsMaskedWithSuffix" classname="kodrat.keycloak.util.LogSanitizerTest" time="0.001"/>
  <testcase name="redactToken_withShortToken_returnsMaskOnly" classname="kodrat.keycloak.util.LogSanitizerTest" time="0.001"/>
  <testcase name="sanitizeHeader_withNormalHeader_returnsAsIs" classname="kodrat.keycloak.util.LogSanitizerTest" time="0.001"/>
  <testcase name="redact_withNull_returnsEmptyMarker" classname="kodrat.keycloak.util.LogSanitizerTest" time="0.001"/>
  <testcase name="sanitizeJson_withPassword_redactsPassword" classname="kodrat.keycloak.util.LogSanitizerTest" time="0.0"/>
  <testcase name="maskIdentifier_withShortId_returnsMask" classname="kodrat.keycloak.util.LogSanitizerTest" time="0.0"/>
  <testcase name="redactToken_withNull_returnsEmptyMarker" classname="kodrat.keycloak.util.LogSanitizerTest" time="0.0"/>
</testsuite>